TN:
SF:app.js
FN:54,(anonymous_0)
FN:69,(anonymous_1)
FN:79,(anonymous_2)
FN:85,(anonymous_3)
FNF:4
FNH:2
FNDA:100,(anonymous_0)
FNDA:0,(anonymous_1)
FNDA:1,(anonymous_2)
FNDA:0,(anonymous_3)
DA:1,1
DA:2,1
DA:3,1
DA:4,1
DA:5,1
DA:6,1
DA:7,1
DA:8,1
DA:9,1
DA:12,1
DA:24,1
DA:25,1
DA:31,1
DA:38,1
DA:46,1
DA:47,1
DA:48,1
DA:49,1
DA:50,1
DA:51,1
DA:54,1
DA:55,100
DA:59,100
DA:63,1
DA:66,1
DA:69,1
DA:70,0
DA:79,1
DA:80,1
DA:81,1
DA:85,1
DA:86,0
DA:93,0
DA:100,1
LF:34
LH:31
BRDA:13,0,0,0
BRDA:13,0,1,1
BRDA:24,1,0,1
BRDA:24,1,1,0
BRDA:39,2,0,1
BRDA:39,2,1,0
BRDA:93,3,0,0
BRDA:93,3,1,0
BRDA:94,4,0,0
BRDA:94,4,1,0
BRF:10
BRH:3
end_of_record
TN:
SF:db.js
FN:19,(anonymous_0)
FNF:1
FNH:0
FNDA:0,(anonymous_0)
DA:1,1
DA:2,1
DA:4,1
DA:13,1
DA:19,1
DA:20,0
DA:21,0
DA:22,0
DA:24,0
DA:27,1
LF:10
LH:6
BRDA:20,0,0,0
BRDA:20,0,1,0
BRF:2
BRH:0
end_of_record
TN:
SF:routes\index.js
FN:6,(anonymous_0)
FNF:1
FNH:1
FNDA:99,(anonymous_0)
DA:1,1
DA:2,1
DA:3,1
DA:6,1
DA:7,99
DA:11,1
DA:13,1
LF:7
LH:7
BRF:0
BRH:0
end_of_record
TN:
SF:routes\reservations.js
FN:9,(anonymous_0)
FN:38,(anonymous_1)
FN:43,(anonymous_2)
FN:51,(anonymous_3)
FN:65,(anonymous_4)
FN:76,(anonymous_5)
FN:87,(anonymous_6)
FN:88,(anonymous_7)
FN:110,(anonymous_8)
FN:116,(anonymous_9)
FN:132,(anonymous_10)
FN:136,(anonymous_11)
FN:144,(anonymous_12)
FNF:13
FNH:0
FNDA:0,(anonymous_0)
FNDA:0,(anonymous_1)
FNDA:0,(anonymous_2)
FNDA:0,(anonymous_3)
FNDA:0,(anonymous_4)
FNDA:0,(anonymous_5)
FNDA:0,(anonymous_6)
FNDA:0,(anonymous_7)
FNDA:0,(anonymous_8)
FNDA:0,(anonymous_9)
FNDA:0,(anonymous_10)
FNDA:0,(anonymous_11)
FNDA:0,(anonymous_12)
DA:1,1
DA:2,1
DA:3,1
DA:4,1
DA:5,1
DA:6,1
DA:9,1
DA:10,0
DA:12,0
DA:13,0
DA:17,0
DA:18,0
DA:19,0
DA:23,0
DA:24,0
DA:28,0
DA:29,0
DA:30,0
DA:33,0
DA:37,1
DA:39,0
DA:40,0
DA:43,0
DA:44,0
DA:45,0
DA:46,0
DA:48,0
DA:52,0
DA:53,0
DA:54,0
DA:55,0
DA:56,0
DA:60,1
DA:66,0
DA:67,0
DA:68,0
DA:70,0
DA:76,1
DA:77,0
DA:78,0
DA:79,0
DA:81,0
DA:83,0
DA:87,1
DA:88,0
DA:89,0
DA:90,0
DA:96,0
DA:99,0
DA:101,0
DA:107,0
DA:111,0
DA:112,0
DA:114,0
DA:115,0
DA:116,0
DA:117,0
DA:120,0
DA:122,0
DA:132,1
DA:133,0
DA:134,0
DA:136,0
DA:137,0
DA:138,0
DA:139,0
DA:141,0
DA:144,0
DA:151,0
DA:155,1
DA:157,1
LF:71
LH:14
BRDA:12,0,0,0
BRDA:12,0,1,0
BRDA:12,1,0,0
BRDA:12,1,1,0
BRDA:12,1,2,0
BRDA:12,1,3,0
BRDA:12,1,4,0
BRDA:12,1,5,0
BRDA:12,1,6,0
BRDA:18,2,0,0
BRDA:18,2,1,0
BRDA:23,3,0,0
BRDA:23,3,1,0
BRDA:29,4,0,0
BRDA:29,4,1,0
BRDA:44,5,0,0
BRDA:44,5,1,0
BRDA:63,6,0,1
BRDA:63,6,1,0
BRDA:67,7,0,0
BRDA:67,7,1,0
BRDA:77,8,0,0
BRDA:77,8,1,0
BRDA:78,9,0,0
BRDA:78,9,1,0
BRDA:89,10,0,0
BRDA:89,10,1,0
BRDA:99,11,0,0
BRDA:99,11,1,0
BRDA:111,12,0,0
BRDA:111,12,1,0
BRDA:114,13,0,0
BRDA:114,13,1,0
BRDA:117,14,0,0
BRDA:117,14,1,0
BRDA:137,15,0,0
BRDA:137,15,1,0
BRDA:138,16,0,0
BRDA:138,16,1,0
BRF:39
BRH:1
end_of_record
